<?xml version="1.0" encoding="UTF-8"?>
<!-- Generated by org.testng.reporters.JUnitReportReporter -->
<testsuite skipped="0" hostname="DESKTOP-82OA5DQ" name="testCases.LoginPageTest" tests="2" failures="0" timestamp="2021-10-25T21:26:33 CDT" time="27.957" errors="0">
  <testcase name="LoginTest" time="14.523" classname="testCases.LoginPageTest"/>
  <system-out/>
  <testcase name="LoginPageTitleTest" time="13.434" classname="testCases.LoginPageTest"/>
  <system-out/>
</testsuite> <!-- testCases.LoginPageTest -->
