<?xml version="1.0" encoding="UTF-8"?>
<!-- Generated by org.testng.reporters.JUnitReportReporter -->
<testsuite hostname="DESKTOP-82OA5DQ" failures="0" tests="2" name="testCases.LoginPageTest" time="17.367" errors="0" timestamp="2021-10-26T17:46:20 CDT" skipped="0">
  <testcase classname="testCases.LoginPageTest" name="LoginTest" time="8.507"/>
  <system-out/>
  <testcase classname="testCases.LoginPageTest" name="LoginPageTitleTest" time="8.860"/>
  <system-out/>
</testsuite> <!-- testCases.LoginPageTest -->
