<?xml version="1.0" encoding="UTF-8"?>
<!-- Generated by org.testng.reporters.JUnitReportReporter -->
<testsuite skipped="0" hostname="DESKTOP-82OA5DQ" name="testCases.LoginPageTest" tests="2" failures="0" timestamp="24 Oct 2021 05:31:38 GMT" time="18.508" errors="0">
  <testcase name="LoginTest" time="9.486" classname="testCases.LoginPageTest"/>
  <testcase name="LoginPageTitleTest" time="9.022" classname="testCases.LoginPageTest"/>
</testsuite> <!-- testCases.LoginPageTest -->
