<?xml version="1.0" encoding="UTF-8"?>
<!-- Generated by org.testng.reporters.JUnitReportReporter -->
<testsuite hostname="DESKTOP-82OA5DQ" failures="0" tests="2" name="testCases.LoginPageTest" time="25.888" errors="0" timestamp="2021-10-26T16:20:17 CDT" skipped="0">
  <testcase classname="testCases.LoginPageTest" name="LoginTest" time="11.217"/>
  <system-out/>
  <testcase classname="testCases.LoginPageTest" name="LoginPageTitleTest" time="14.671"/>
  <system-out/>
</testsuite> <!-- testCases.LoginPageTest -->
