<?xml version="1.0" encoding="UTF-8"?>
<!-- Generated by org.testng.reporters.JUnitReportReporter -->
<testsuite hostname="DESKTOP-82OA5DQ" failures="0" tests="2" name="testCases.LoginPageTest" time="23.087" errors="0" timestamp="2021-10-26T04:59:43 CDT" skipped="0">
  <testcase classname="testCases.LoginPageTest" name="LoginTest" time="11.555"/>
  <system-out/>
  <testcase classname="testCases.LoginPageTest" name="LoginPageTitleTest" time="11.532"/>
  <system-out/>
</testsuite> <!-- testCases.LoginPageTest -->
