<?xml version="1.0" encoding="UTF-8"?>
<!-- Generated by org.testng.reporters.JUnitReportReporter -->
<testsuite skipped="0" hostname="DESKTOP-82OA5DQ" name="testCases.LoginPageTest" tests="2" failures="0" timestamp="24 Oct 2021 08:38:03 GMT" time="24.288" errors="0">
  <testcase name="LoginTest" time="12.108" classname="testCases.LoginPageTest"/>
  <testcase name="LoginPageTitleTest" time="12.180" classname="testCases.LoginPageTest"/>
</testsuite> <!-- testCases.LoginPageTest -->
