<?xml version="1.0" encoding="UTF-8"?>
<!-- Generated by org.testng.reporters.JUnitReportReporter -->
<testsuite skipped="0" hostname="DESKTOP-82OA5DQ" name="testCases.LoginPageTest" tests="2" failures="0" timestamp="2021-10-25T16:53:25 CDT" time="27.379" errors="0">
  <testcase name="LoginTest" time="14.309" classname="testCases.LoginPageTest"/>
  <system-out/>
  <testcase name="LoginPageTitleTest" time="13.070" classname="testCases.LoginPageTest"/>
  <system-out/>
</testsuite> <!-- testCases.LoginPageTest -->
