<?xml version="1.0" encoding="UTF-8"?>
<!-- Generated by org.testng.reporters.JUnitReportReporter -->
<testsuite hostname="DESKTOP-82OA5DQ" failures="0" tests="2" name="testCases.LoginPageTest" time="16.078" errors="0" timestamp="2021-10-28T13:52:42 CDT" skipped="0">
  <testcase classname="testCases.LoginPageTest" name="LoginTest" time="8.274"/>
  <system-out/>
  <testcase classname="testCases.LoginPageTest" name="LoginPageTitleTest" time="7.804"/>
  <system-out/>
</testsuite> <!-- testCases.LoginPageTest -->
