<?xml version="1.0" encoding="UTF-8"?>
<!-- Generated by org.testng.reporters.JUnitReportReporter -->
<testsuite hostname="DESKTOP-82OA5DQ" failures="0" tests="2" name="testCases.LoginPageTest" time="18.018" errors="0" timestamp="2021-10-26T02:22:18 CDT" skipped="0">
  <testcase classname="testCases.LoginPageTest" name="LoginTest" time="8.608"/>
  <system-out/>
  <testcase classname="testCases.LoginPageTest" name="LoginPageTitleTest" time="9.410"/>
  <system-out/>
</testsuite> <!-- testCases.LoginPageTest -->
