<?xml version="1.0" encoding="UTF-8"?>
<!-- Generated by org.testng.reporters.JUnitReportReporter -->
<testsuite skipped="0" hostname="DESKTOP-82OA5DQ" name="testCases.LoginPageTest" tests="2" failures="0" timestamp="25 Oct 2021 21:48:18 GMT" time="27.731" errors="0">
  <testcase name="LoginTest" time="13.918" classname="testCases.LoginPageTest"/>
  <testcase name="LoginPageTitleTest" time="13.813" classname="testCases.LoginPageTest"/>
</testsuite> <!-- testCases.LoginPageTest -->
