<?xml version="1.0" encoding="UTF-8"?>
<!-- Generated by org.testng.reporters.JUnitReportReporter -->
<testsuite skipped="0" hostname="DESKTOP-82OA5DQ" name="testCases.LoginPageTest" tests="2" failures="0" timestamp="2021-10-25T22:24:18 CDT" time="35.514" errors="0">
  <testcase name="LoginTest" time="17.516" classname="testCases.LoginPageTest"/>
  <system-out/>
  <testcase name="LoginPageTitleTest" time="17.998" classname="testCases.LoginPageTest"/>
  <system-out/>
</testsuite> <!-- testCases.LoginPageTest -->
