<?xml version="1.0" encoding="UTF-8"?>
<!-- Generated by org.testng.reporters.JUnitReportReporter -->
<testsuite hostname="DESKTOP-82OA5DQ" failures="0" tests="2" name="testCases.LoginPageTest" time="20.065" errors="0" timestamp="2021-10-26T01:50:19 CDT" skipped="0">
  <testcase classname="testCases.LoginPageTest" name="LoginTest" time="11.800"/>
  <system-out/>
  <testcase classname="testCases.LoginPageTest" name="LoginPageTitleTest" time="8.265"/>
  <system-out/>
</testsuite> <!-- testCases.LoginPageTest -->
