<?xml version="1.0" encoding="UTF-8"?>
<!-- Generated by org.testng.reporters.JUnitReportReporter -->
<testsuite skipped="0" hostname="DESKTOP-82OA5DQ" name="testCases.LoginPageTest" tests="2" failures="0" timestamp="2021-10-25T17:00:03 CDT" time="28.411" errors="0">
  <testcase name="LoginTest" time="14.564" classname="testCases.LoginPageTest"/>
  <system-out/>
  <testcase name="LoginPageTitleTest" time="13.847" classname="testCases.LoginPageTest"/>
  <system-out/>
</testsuite> <!-- testCases.LoginPageTest -->
