<?xml version="1.0" encoding="UTF-8"?>
<!-- Generated by org.testng.reporters.JUnitReportReporter -->
<testsuite hostname="DESKTOP-82OA5DQ" failures="0" tests="2" name="testCases.LoginPageTest" time="23.183" errors="0" timestamp="2021-10-26T04:59:02 CDT" skipped="0">
  <testcase classname="testCases.LoginPageTest" name="LoginTest" time="12.735"/>
  <system-out/>
  <testcase classname="testCases.LoginPageTest" name="LoginPageTitleTest" time="10.448"/>
  <system-out/>
</testsuite> <!-- testCases.LoginPageTest -->
